<?xml version="1.0" encoding="UTF-8"?>
<!-- Generated by org.testng.reporters.JUnitXMLReporter -->
<testsuite ignored="0" hostname="Neelu" failures="1" tests="4" name="Surefire test" time="43.824" errors="0" timestamp="2026-04-14T13:07:09 IST">
  <testcase classname="Frameworks.TestNG_Frameworks.ErrorValidationsTest" name="ValidationOrderTest" time="0.0">
    <failure type="org.testng.TestNGException" message="
Parameter &amp;apos;url&amp;apos; is required by @Test on method ValidationOrderTest but has not been marked @Optional or defined
">
      <![CDATA[org.testng.TestNGException: 
Parameter 'url' is required by @Test on method ValidationOrderTest but has not been marked @Optional or defined

at java.base/java.util.ArrayList.forEach(ArrayList.java:1596)
... Removed 31 stack frames]]>
    </failure>
  </testcase> <!-- ValidationOrderTest -->
  <testcase classname="Frameworks.TestNG_Frameworks.SubmitOrderTest" name="submitOrderTest" time="15.845"/>
  <testcase classname="Frameworks.TestNG_Frameworks.SubmitOrderTest" name="submitOrderTest" time="9.62"/>
  <testcase classname="io.cucumber.testng.AbstractTestNGCucumberTests" name="runScenario" time="10.007"/>
</testsuite> <!-- Surefire test -->
