<?xml version="1.0" encoding="UTF-8"?>
<!-- Generated by org.testng.reporters.JUnitXMLReporter -->
<testsuite ignored="0" hostname="Neelu" failures="2" tests="3" name="Test" time="42.754" errors="0" timestamp="2026-04-03T19:53:32 IST">
  <testcase classname="Frameworks.TestNG_Frameworks.ErrorValidationsTest" name="submitOrderTest" time="4.185"/>
  <testcase classname="Frameworks.TestNG_Frameworks.SubmitOrderTest" name="submitOrderTest" time="15.031">
    <failure type="java.lang.AssertionError" message="expected [true] but found [false]">
      <![CDATA[java.lang.AssertionError: expected [true] but found [false]
at Frameworks.TestNG_Frameworks.SubmitOrderTest.submitOrderTest(SubmitOrderTest.java:35)
at java.base/java.util.ArrayList.forEach(ArrayList.java:1511)
... Removed 31 stack frames]]>
    </failure>
  </testcase> <!-- submitOrderTest -->
  <testcase classname="Frameworks.TestNG_Frameworks.SubmitOrderTest" name="submitOrderTest" time="15.79">
    <failure type="java.lang.AssertionError" message="expected [true] but found [false]">
      <![CDATA[java.lang.AssertionError: expected [true] but found [false]
at Frameworks.TestNG_Frameworks.SubmitOrderTest.submitOrderTest(SubmitOrderTest.java:35)
at java.base/java.util.ArrayList.forEach(ArrayList.java:1511)
... Removed 31 stack frames]]>
    </failure>
  </testcase> <!-- submitOrderTest -->
</testsuite> <!-- Test -->
