<?xml version="1.0" encoding="UTF-8"?>
<testng-results ignored="0" total="2" passed="2" failed="0" skipped="0">
  <reporter-output>
  </reporter-output>
  <suite started-at="2026-08-06T21:00:06 IST" name="Default suite" finished-at="2026-08-06T21:01:02 IST" duration-ms="56650">
    <groups>
      <group name="Smoke">
        <method signature="SubmitOrderTest.submitOrderTest(java.util.HashMap)[pri:0, instance:Frameworks.TestNG_Frameworks.SubmitOrderTest@5b218417]" name="submitOrderTest" class="Frameworks.TestNG_Frameworks.SubmitOrderTest"/>
      </group> <!-- Smoke -->
    </groups>
    <test started-at="2026-08-06T21:00:06 IST" name="Default test" finished-at="2026-08-06T21:01:02 IST" duration-ms="56650">
      <class name="Frameworks.TestNG_Frameworks.SubmitOrderTest">
        <test-method is-config="true" signature="driverInitialisation()[pri:0, instance:Frameworks.TestNG_Frameworks.SubmitOrderTest@5b218417]" started-at="2026-08-06T21:00:06 IST" name="driverInitialisation" finished-at="2026-08-06T21:00:20 IST" duration-ms="13714" status="PASS">
          <reporter-output>
          </reporter-output>
        </test-method> <!-- driverInitialisation -->
        <test-method signature="submitOrderTest(java.util.HashMap)[pri:0, instance:Frameworks.TestNG_Frameworks.SubmitOrderTest@5b218417]" started-at="2026-08-06T21:00:20 IST" name="submitOrderTest" data-provider="getData" finished-at="2026-08-06T21:00:38 IST" duration-ms="17760" status="PASS">
          <params>
            <param index="0">
              <value>
                <![CDATA[{password=Kichu@123, productName=ADIDAS ORIGINAL, username=kichu@gmail.com}]]>
              </value>
            </param>
          </params>
          <reporter-output>
          </reporter-output>
        </test-method> <!-- submitOrderTest -->
        <test-method is-config="true" signature="driverInitialisation()[pri:0, instance:Frameworks.TestNG_Frameworks.SubmitOrderTest@5b218417]" started-at="2026-08-06T21:00:38 IST" name="driverInitialisation" finished-at="2026-08-06T21:00:40 IST" duration-ms="1793" status="PASS">
          <reporter-output>
          </reporter-output>
        </test-method> <!-- driverInitialisation -->
        <test-method signature="submitOrderTest(java.util.HashMap)[pri:0, instance:Frameworks.TestNG_Frameworks.SubmitOrderTest@5b218417]" started-at="2026-08-06T21:00:40 IST" name="submitOrderTest" data-provider="getData" finished-at="2026-08-06T21:01:02 IST" duration-ms="22732" status="PASS">
          <params>
            <param index="0">
              <value>
                <![CDATA[{password=Kichu@123, productName=ZARA COAT 3, username=kichu@gmail.com}]]>
              </value>
            </param>
          </params>
          <reporter-output>
          </reporter-output>
        </test-method> <!-- submitOrderTest -->
      </class> <!-- Frameworks.TestNG_Frameworks.SubmitOrderTest -->
    </test> <!-- Default test -->
  </suite> <!-- Default suite -->
</testng-results>
