<?xml version="1.0" encoding="UTF-8"?>
<!-- Generated by org.testng.reporters.JUnitReportReporter -->
<testsuite hostname="Neelu" failures="0" tests="2" name="Frameworks.TestNG_Frameworks.SubmitOrderTest" time="55.999" errors="0" timestamp="2026-08-06T21:01:03 IST" skipped="0">
  <testcase classname="Frameworks.TestNG_Frameworks.SubmitOrderTest" name="submitOrderTest" time="31.474"/>
  <testcase classname="Frameworks.TestNG_Frameworks.SubmitOrderTest" name="submitOrderTest" time="24.525"/>
</testsuite> <!-- Frameworks.TestNG_Frameworks.SubmitOrderTest -->
