<?xml version="1.0" encoding="UTF-8"?>
<!-- Generated by org.testng.reporters.JUnitReportReporter -->
<testsuite hostname="Neelu" failures="0" tests="2" name="Frameworks.TestNG_Frameworks.SubmitOrderTest" time="52.181" errors="0" timestamp="2026-04-14T13:08:39 IST" skipped="0">
  <testcase classname="Frameworks.TestNG_Frameworks.SubmitOrderTest" name="submitOrderTest" time="22.101"/>
  <testcase classname="Frameworks.TestNG_Frameworks.SubmitOrderTest" name="submitOrderTest" time="30.080"/>
</testsuite> <!-- Frameworks.TestNG_Frameworks.SubmitOrderTest -->
